0 info it worked if it ends with ok
1 verbose cli [ '/usr/bin/node', '/usr/bin/npm', 'run', 'build' ]
2 info using npm@3.5.2
3 info using node@v8.10.0
4 verbose run-script [ 'prebuild', 'build', 'postbuild' ]
5 info lifecycle botman-web-widget@0.0.20~prebuild: botman-web-widget@0.0.20
6 verbose lifecycle botman-web-widget@0.0.20~prebuild: unsafe-perm in lifecycle true
7 verbose lifecycle botman-web-widget@0.0.20~prebuild: PATH: /usr/share/npm/bin/node-gyp-bin:/home/claudio/botsolver/node/web-widget/node_modules/.bin:/home/claudio/.local/bin:/usr/local/sbin:/usr/local/bin:/usr/sbin:/usr/bin:/sbin:/bin:/usr/games:/usr/local/games
8 verbose lifecycle botman-web-widget@0.0.20~prebuild: CWD: /home/claudio/botsolver/node/web-widget
9 silly lifecycle botman-web-widget@0.0.20~prebuild: Args: [ '-c', 'mkdirp build && ncp src/assets build/assets' ]
10 silly lifecycle botman-web-widget@0.0.20~prebuild: Returned: code: 0  signal: null
11 info lifecycle botman-web-widget@0.0.20~build: botman-web-widget@0.0.20
12 verbose lifecycle botman-web-widget@0.0.20~build: unsafe-perm in lifecycle true
13 verbose lifecycle botman-web-widget@0.0.20~build: PATH: /usr/share/npm/bin/node-gyp-bin:/home/claudio/botsolver/node/web-widget/node_modules/.bin:/home/claudio/.local/bin:/usr/local/sbin:/usr/local/bin:/usr/sbin:/usr/bin:/sbin:/bin:/usr/games:/usr/local/games
14 verbose lifecycle botman-web-widget@0.0.20~build: CWD: /home/claudio/botsolver/node/web-widget
15 silly lifecycle botman-web-widget@0.0.20~build: Args: [ '-c', 'cross-env NODE_ENV=production webpack --progress' ]
16 silly lifecycle botman-web-widget@0.0.20~build: Returned: code: 1  signal: null
17 info lifecycle botman-web-widget@0.0.20~build: Failed to exec build script
18 verbose stack Error: botman-web-widget@0.0.20 build: `cross-env NODE_ENV=production webpack --progress`
18 verbose stack Exit status 1
18 verbose stack     at EventEmitter.<anonymous> (/usr/share/npm/lib/utils/lifecycle.js:232:16)
18 verbose stack     at emitTwo (events.js:126:13)
18 verbose stack     at EventEmitter.emit (events.js:214:7)
18 verbose stack     at ChildProcess.<anonymous> (/usr/share/npm/lib/utils/spawn.js:24:14)
18 verbose stack     at emitTwo (events.js:126:13)
18 verbose stack     at ChildProcess.emit (events.js:214:7)
18 verbose stack     at maybeClose (internal/child_process.js:925:16)
18 verbose stack     at Process.ChildProcess._handle.onexit (internal/child_process.js:209:5)
19 verbose pkgid botman-web-widget@0.0.20
20 verbose cwd /home/claudio/botsolver/node/web-widget/src
21 error Linux 4.15.0-46-generic
22 error argv "/usr/bin/node" "/usr/bin/npm" "run" "build"
23 error node v8.10.0
24 error npm  v3.5.2
25 error code ELIFECYCLE
26 error botman-web-widget@0.0.20 build: `cross-env NODE_ENV=production webpack --progress`
26 error Exit status 1
27 error Failed at the botman-web-widget@0.0.20 build script 'cross-env NODE_ENV=production webpack --progress'.
27 error Make sure you have the latest version of node.js and npm installed.
27 error If you do, this is most likely a problem with the botman-web-widget package,
27 error not with npm itself.
27 error Tell the author that this fails on your system:
27 error     cross-env NODE_ENV=production webpack --progress
27 error You can get information on how to open an issue for this project with:
27 error     npm bugs botman-web-widget
27 error Or if that isn't available, you can get their info via:
27 error     npm owner ls botman-web-widget
27 error There is likely additional logging output above.
28 verbose exit [ 1, true ]
